#
# A fatal error has been detected by the Java Runtime Environment:
#
#  SIGSEGV (0xb) at pc=0x0000000109982f88, pid=87919, tid=17155
#
# JRE version: Java(TM) SE Runtime Environment (8.0_65-b17) (build 1.8.0_65-b17)
# Java VM: Java HotSpot(TM) 64-Bit Server VM (25.65-b01 mixed mode bsd-amd64 compressed oops)
# Problematic frame:
# V  [libjvm.dylib+0x382f88]  JvmtiEnv::GetClassMethods(oopDesc*, int*, _jmethodID***)+0x122
#
# Failed to write core dump. Core dumps have been disabled. To enable core dumping, try "ulimit -c unlimited" before starting Java again
#
# If you would like to submit a bug report, please visit:
#   http://bugreport.java.com/bugreport/crash.jsp
#

---------------  T H R E A D  ---------------

Current thread (0x00007fbcc3001800):  JavaThread "JDWP Transport Listener: dt_socket" daemon [_thread_in_vm, id=17155, stack(0x0000700000b3b000,0x0000700000c3b000)]

siginfo: si_signo: 11 (SIGSEGV), si_code: 1 (SEGV_MAPERR), si_addr: 0x00007fbcfe297b20

Registers:
RAX=0x00007fbcc621fcb8, RBX=0x00000007c0060828, RCX=0x0000000000000001, RDX=0x00007fbcc1703280
RSP=0x0000700000c3a970, RBP=0x0000700000c3a9f0, RSI=0x0000000000000000, RDI=0x00007fbcc1702130
R8 =0x0000700000c3a8b8, R9 =0x0000700000c3a8b0, R10=0x00007fbcc6213250, R11=0x00007fbcc3f00000
R12=0x0000000000000008, R13=0x0000000007010700, R14=0x0000000000000009, R15=0x00007fbcc6214320
RIP=0x0000000109982f88, EFLAGS=0x0000000000010202, ERR=0x0000000000000006
  TRAPNO=0x000000000000000e

Top of Stack: (sp=0x0000700000c3a970)
0x0000700000c3a970:   0000700000c3a980 0000000000000009
0x0000700000c3a980:   0000700000c3aa84 0000700000c3aa78
0x0000700000c3a990:   00007fbcc3001800 00007fbcc1702620
0x0000700000c3a9a0:   00007fbcc1703190 00007fbcc17031a0
0x0000700000c3a9b0:   00007fbcc1703278 00000000000000d8
0x0000700000c3a9c0:   0000700000c3adb0 0000700000c3aa78
0x0000700000c3a9d0:   00007fbcc1412980 00007fbcc3001800
0x0000700000c3a9e0:   0000700000c3aa84 000000079583b728
0x0000700000c3a9f0:   0000700000c3aa60 00000001099578f3
0x0000700000c3aa00:   00007fbcc3001800 00007fbcc3001800
0x0000700000c3aa10:   0000000000000000 0000700000000000
0x0000700000c3aa20:   0000000000000000 00007fbcc3001800
0x0000700000c3aa30:   00007fbcc3001800 0000000000000001
0x0000700000c3aa40:   00007fbcc143df30 00007fbcc6240f50
0x0000700000c3aa50:   0000700000c3ab08 0000700000c3ac90
0x0000700000c3aa60:   0000700000c3aad0 000000010a58e195
0x0000700000c3aa70:   0000700000c3aaa0 0000000000000000
0x0000700000c3aa80:   0000000000000032 0000700000c3ab08
0x0000700000c3aa90:   0000700000c3ab08 000000010a5bc598
0x0000700000c3aaa0:   0000700000c3aac0 0000700000c3ac90
0x0000700000c3aab0:   000000010a5b0e7a 00007fbcc6240f50
0x0000700000c3aac0:   0000700000c3ab08 000000010a5bc598
0x0000700000c3aad0:   0000700000c3aae0 000000010a58e2ec
0x0000700000c3aae0:   0000700000c3ad00 000000010a597898
0x0000700000c3aaf0:   0002e6fc00000013 00000000000f0200
0x0000700000c3ab00:   00007fbcc62888a0 0000700000c3ab58
0x0000700000c3ab10:   00007fbc0000012c 0000700000c3ab20
0x0000700000c3ab20:   0000000000000000 0000700000c3ab58
0x0000700000c3ab30:   0000000000000000 0000000000000000
0x0000700000c3ab40:   0002e6fc0000001c 00007fff00003c80
0x0000700000c3ab50:   0000700000c3ab58 0000000101000000
0x0000700000c3ab60:   0000000e00000000 482f7765302d6507 

Instructions: (pc=0x0000000109982f88)
0x0000000109982f68:   45 31 e4 48 8b 83 80 01 00 00 48 8b 8b a0 01 00
0x0000000109982f78:   00 4e 63 6c a1 04 4a 8b 7c e0 08 e8 8c ff f9 ff
0x0000000109982f88:   4b 89 04 ef 49 ff c4 4d 39 e6 75 d7 48 8b 45 88
0x0000000109982f98:   48 8b 55 90 89 02 48 8b 4d 98 4c 89 39 31 db 48 

Register to memory mapping:

RAX=0x00007fbcc621fcb8 is an unknown value
RBX=0x00000007c0060828 is pointing into metadata
RCX=0x0000000000000001 is an unknown value
RDX=0x00007fbcc1703280 is an unknown value
RSP=0x0000700000c3a970 is pointing into the stack for thread: 0x00007fbcc3001800
RBP=0x0000700000c3a9f0 is pointing into the stack for thread: 0x00007fbcc3001800
RSI=0x0000000000000000 is an unknown value
RDI=0x00007fbcc1702130 is an unknown value
R8 =0x0000700000c3a8b8 is pointing into the stack for thread: 0x00007fbcc3001800
R9 =0x0000700000c3a8b0 is pointing into the stack for thread: 0x00007fbcc3001800
R10=0x00007fbcc6213250 is an unknown value
R11=0x00007fbcc3f00000 is an unknown value
R12=0x0000000000000008 is an unknown value
R13=0x0000000007010700 is an unknown value
R14=0x0000000000000009 is an unknown value
R15=0x00007fbcc6214320 is an unknown value


Stack: [0x0000700000b3b000,0x0000700000c3b000],  sp=0x0000700000c3a970,  free space=1022k
Native frames: (J=compiled Java code, j=interpreted, Vv=VM code, C=native code)
V  [libjvm.dylib+0x382f88]  JvmtiEnv::GetClassMethods(oopDesc*, int*, _jmethodID***)+0x122
V  [libjvm.dylib+0x3578f3]  jvmti_GetClassMethods+0x130
C  [libjdwp.dylib+0x5195]  methods1+0xad
C  [libjdwp.dylib+0x52ec]  methodsWithGeneric+0xe
C  [libjdwp.dylib+0xe898]  debugLoop_run+0x1ce
C  [libjdwp.dylib+0x1f6ba]  attachThread+0x4d
V  [libjvm.dylib+0x396d60]  JvmtiAgentThread::call_start_function()+0x38
V  [libjvm.dylib+0x5612d3]  JavaThread::thread_main_inner()+0x9b
V  [libjvm.dylib+0x5629ce]  JavaThread::run()+0x1c2
V  [libjvm.dylib+0x48342e]  java_start(Thread*)+0xf6
C  [libsystem_pthread.dylib+0x399d]  _pthread_body+0x83
C  [libsystem_pthread.dylib+0x391a]  _pthread_body+0x0
C  [libsystem_pthread.dylib+0x1351]  thread_start+0xd
C  0x0000000000000000


---------------  P R O C E S S  ---------------

Java Threads: ( => current thread )
  0x00007fbcc2003000 JavaThread "DestroyJavaVM" [_thread_blocked, id=5891, stack(0x000070000011a000,0x000070000021a000)]
  0x00007fbcc324e000 JavaThread "AWT-EventQueue-0" [_thread_blocked, id=58371, stack(0x00007000018eb000,0x00007000019eb000)]
  0x00007fbcc2a06000 JavaThread "Java2D Disposer" daemon [_thread_blocked, id=54795, stack(0x0000700001765000,0x0000700001865000)]
  0x00007fbcc20d0000 JavaThread "Java2D Queue Flusher" daemon [_thread_blocked, id=51719, stack(0x0000700001662000,0x0000700001762000)]
  0x00007fbcc205f000 JavaThread "AWT-Shutdown" [_thread_blocked, id=31507, stack(0x00007000014dc000,0x00007000015dc000)]
  0x00007fbcc29c4000 JavaThread "AppKit Thread" daemon [_thread_in_native, id=2571, stack(0x00007fff568e7000,0x00007fff570e7000)]
  0x00007fbcc201b800 JavaThread "Service Thread" daemon [_thread_blocked, id=20227, stack(0x000070000114d000,0x000070000124d000)]
  0x00007fbcc3013000 JavaThread "C1 CompilerThread2" daemon [_thread_blocked, id=19715, stack(0x000070000104a000,0x000070000114a000)]
  0x00007fbcc3012800 JavaThread "C2 CompilerThread1" daemon [_thread_blocked, id=19203, stack(0x0000700000f47000,0x0000700001047000)]
  0x00007fbcc187f800 JavaThread "C2 CompilerThread0" daemon [_thread_blocked, id=18691, stack(0x0000700000e44000,0x0000700000f44000)]
  0x00007fbcc3008000 JavaThread "JDWP Command Reader" daemon [_thread_in_native, id=18179, stack(0x0000700000d41000,0x0000700000e41000)]
  0x00007fbcc3007800 JavaThread "JDWP Event Helper Thread" daemon [_thread_blocked, id=17667, stack(0x0000700000c3e000,0x0000700000d3e000)]
=>0x00007fbcc3001800 JavaThread "JDWP Transport Listener: dt_socket" daemon [_thread_in_vm, id=17155, stack(0x0000700000b3b000,0x0000700000c3b000)]
  0x00007fbcc1864800 JavaThread "Signal Dispatcher" daemon [_thread_blocked, id=13839, stack(0x0000700000a38000,0x0000700000b38000)]
  0x00007fbcc1862000 JavaThread "Finalizer" daemon [_thread_blocked, id=12291, stack(0x000070000082f000,0x000070000092f000)]
  0x00007fbcc1861000 JavaThread "Reference Handler" daemon [_thread_blocked, id=11779, stack(0x000070000072c000,0x000070000082c000)]

Other Threads:
  0x00007fbcc2806800 VMThread [stack: 0x0000700000629000,0x0000700000729000] [id=11267]
  0x00007fbcc2016800 WatcherThread [stack: 0x0000700001250000,0x0000700001350000] [id=20739]

VM state:not at safepoint (normal execution)

VM Mutex/Monitor currently owned by a thread: None

Heap:
 PSYoungGen      total 38400K, used 28933K [0x0000000795580000, 0x0000000798000000, 0x00000007c0000000)
  eden space 33280K, 86% used [0x0000000795580000,0x00000007971c16d0,0x0000000797600000)
  from space 5120K, 0% used [0x0000000797b00000,0x0000000797b00000,0x0000000798000000)
  to   space 5120K, 0% used [0x0000000797600000,0x0000000797600000,0x0000000797b00000)
 ParOldGen       total 87552K, used 0K [0x0000000740000000, 0x0000000745580000, 0x0000000795580000)
  object space 87552K, 0% used [0x0000000740000000,0x0000000740000000,0x0000000745580000)
 Metaspace       used 17125K, capacity 17368K, committed 17664K, reserved 1064960K
  class space    used 2139K, capacity 2240K, committed 2304K, reserved 1048576K

Card table byte_map: [0x0000000119994000,0x0000000119d95000] byte_map_base: 0x0000000115f94000

Marking Bits: (ParMarkBitMap*) 0x0000000109edee20
 Begin Bits: [0x000000011a040000, 0x000000011c040000)
 End Bits:   [0x000000011c040000, 0x000000011e040000)

Polling page: 0x0000000108ddc000

CodeCache: size=245760Kb used=2683Kb max_used=2694Kb free=243076Kb
 bounds [0x000000010a5d4000, 0x000000010a884000, 0x00000001195d4000]
 total_blobs=1256 nmethods=686 adapters=492
 compilation: enabled

Compilation events (10 events):
Event: 91.466 Thread 0x00007fbcc3013000  683       1       sun.java2d.pipe.RenderBuffer::position (11 bytes)
Event: 91.467 Thread 0x00007fbcc3013000 nmethod 683 0x000000010a874b10 code [0x000000010a874c60, 0x000000010a874d70]
Event: 96.477 Thread 0x00007fbcc3013000  684       3       java.util.AbstractSet::<init> (5 bytes)
Event: 96.477 Thread 0x00007fbcc3013000 nmethod 684 0x000000010a874690 code [0x000000010a874800, 0x000000010a874a10]
Event: 500.971 Thread 0x00007fbcc187f800  685       4       java.util.concurrent.locks.AbstractQueuedSynchronizer::release (33 bytes)
Event: 500.974 Thread 0x00007fbcc187f800 nmethod 685 0x000000010a872dd0 code [0x000000010a872f20, 0x000000010a873058]
Event: 512.478 Thread 0x00007fbcc3012800  686       4       sun.java2d.pipe.RenderQueue::unlock (4 bytes)
Event: 512.481 Thread 0x00007fbcc3012800 nmethod 686 0x000000010a872990 code [0x000000010a872ae0, 0x000000010a872c18]
Event: 527.960 Thread 0x00007fbcc187f800  687       4       java.util.concurrent.locks.ReentrantLock$Sync::nonfairTryAcquire (67 bytes)
Event: 527.963 Thread 0x00007fbcc187f800 nmethod 687 0x000000010a872650 code [0x000000010a8727a0, 0x000000010a8728b8]

GC Heap History (0 events):
No events

Deoptimization events (1 events):
Event: 1.719 Thread 0x00007fbcc2003000 Uncommon trap: reason=unstable_if action=reinterpret pc=0x000000010a7cdaa4 method=java.lang.String.toLowerCase(Ljava/util/Locale;)Ljava/lang/String; @ 85

Internal exceptions (10 events):
Event: 0.757 Thread 0x00007fbcc2003000 Exception <a 'java/lang/ClassNotFoundException': ToggleButton> (0x0000000795b38c08) thrown at [/Users/java_re/workspace/8-2-build-macosx-x86_64/jdk8u65/4987/hotspot/src/share/vm/classfile/systemDictionary.cpp, line 210]
Event: 0.757 Thread 0x00007fbcc2003000 Exception <a 'java/lang/ClassNotFoundException': javax/swing/JToolBarSeparator> (0x0000000795b39068) thrown at [/Users/java_re/workspace/8-2-build-macosx-x86_64/jdk8u65/4987/hotspot/src/share/vm/classfile/systemDictionary.cpp, line 210]
Event: 0.757 Thread 0x00007fbcc2003000 Exception <a 'java/lang/ClassNotFoundException': ToolBarSeparator> (0x0000000795b39500) thrown at [/Users/java_re/workspace/8-2-build-macosx-x86_64/jdk8u65/4987/hotspot/src/share/vm/classfile/systemDictionary.cpp, line 210]
Event: 0.758 Thread 0x00007fbcc2003000 Exception <a 'java/lang/ClassNotFoundException': ToolTip> (0x0000000795b39c40) thrown at [/Users/java_re/workspace/8-2-build-macosx-x86_64/jdk8u65/4987/hotspot/src/share/vm/classfile/systemDictionary.cpp, line 210]
Event: 0.758 Thread 0x00007fbcc2003000 Exception <a 'java/lang/ClassNotFoundException': Tree> (0x0000000795b3a860) thrown at [/Users/java_re/workspace/8-2-build-macosx-x86_64/jdk8u65/4987/hotspot/src/share/vm/classfile/systemDictionary.cpp, line 210]
Event: 0.759 Thread 0x00007fbcc2003000 Exception <a 'java/lang/ClassNotFoundException': Tree> (0x0000000795b3afa0) thrown at [/Users/java_re/workspace/8-2-build-macosx-x86_64/jdk8u65/4987/hotspot/src/share/vm/classfile/systemDictionary.cpp, line 210]
Event: 0.759 Thread 0x00007fbcc2003000 Exception <a 'java/lang/ClassNotFoundException': javax/swing/JTreeCell> (0x0000000795b3b320) thrown at [/Users/java_re/workspace/8-2-build-macosx-x86_64/jdk8u65/4987/hotspot/src/share/vm/classfile/systemDictionary.cpp, line 210]
Event: 0.759 Thread 0x00007fbcc2003000 Exception <a 'java/lang/ClassNotFoundException': TreeCell> (0x0000000795b3b7a8) thrown at [/Users/java_re/workspace/8-2-build-macosx-x86_64/jdk8u65/4987/hotspot/src/share/vm/classfile/systemDictionary.cpp, line 210]
Event: 0.759 Thread 0x00007fbcc2003000 Exception <a 'java/lang/ClassNotFoundException': RootPane> (0x0000000795b3c208) thrown at [/Users/java_re/workspace/8-2-build-macosx-x86_64/jdk8u65/4987/hotspot/src/share/vm/classfile/systemDictionary.cpp, line 210]
Event: 73.631 Thread 0x00007fbcc2003000 Exception <a 'java/lang/NullPointerException'> (0x0000000796df9b10) thrown at [/Users/java_re/workspace/8-2-build-macosx-x86_64/jdk8u65/4987/hotspot/src/share/vm/interpreter/linkResolver.cpp, line 1178]

Events (10 events):
Event: 96.477 Thread 0x00007fbcc2003000 Thread exited: 0x00007fbcc2003000
Event: 96.477 Thread 0x00007fbcc2003000 Thread added: 0x00007fbcc2003000
Event: 292.698 Executing VM operation: RedefineClasses
Event: 292.708 Executing VM operation: RedefineClasses done
Event: 366.785 Executing VM operation: RedefineClasses
Event: 366.794 Executing VM operation: RedefineClasses done
Event: 390.490 Executing VM operation: RedefineClasses
Event: 390.499 Executing VM operation: RedefineClasses done
Event: 529.084 Executing VM operation: RedefineClasses
Event: 529.108 Executing VM operation: RedefineClasses done


Dynamic libraries:
0x000000000778a000 	/System/Library/Frameworks/Cocoa.framework/Versions/A/Cocoa
0x000000000778a000 	/System/Library/Frameworks/Security.framework/Versions/A/Security
0x000000000778a000 	/System/Library/Frameworks/ApplicationServices.framework/Versions/A/ApplicationServices
0x000000000778a000 	/usr/lib/libz.1.dylib
0x000000000778a000 	/usr/lib/libSystem.B.dylib
0x000000000778a000 	/usr/lib/libobjc.A.dylib
0x000000000778a000 	/System/Library/Frameworks/CoreFoundation.framework/Versions/A/CoreFoundation
0x000000000778a000 	/System/Library/Frameworks/Foundation.framework/Versions/C/Foundation
0x000000000778a000 	/System/Library/Frameworks/AppKit.framework/Versions/C/AppKit
0x000000000778a000 	/System/Library/Frameworks/CoreData.framework/Versions/A/CoreData
0x000000000778a000 	/System/Library/PrivateFrameworks/RemoteViewServices.framework/Versions/A/RemoteViewServices
0x000000000778a000 	/System/Library/PrivateFrameworks/UIFoundation.framework/Versions/A/UIFoundation
0x000000000778a000 	/usr/lib/libScreenReader.dylib
0x000000000778a000 	/System/Library/Frameworks/Accelerate.framework/Versions/A/Accelerate
0x000000000778a000 	/System/Library/Frameworks/IOSurface.framework/Versions/A/IOSurface
0x000000000778a000 	/System/Library/Frameworks/AudioToolbox.framework/Versions/A/AudioToolbox
0x000000000778a000 	/System/Library/Frameworks/AudioUnit.framework/Versions/A/AudioUnit
0x000000000778a000 	/System/Library/PrivateFrameworks/DataDetectorsCore.framework/Versions/A/DataDetectorsCore
0x000000000778a000 	/System/Library/PrivateFrameworks/DesktopServicesPriv.framework/Versions/A/DesktopServicesPriv
0x000000000778a000 	/System/Library/Frameworks/Carbon.framework/Versions/A/Frameworks/HIToolbox.framework/Versions/A/HIToolbox
0x000000000778a000 	/System/Library/Frameworks/QuartzCore.framework/Versions/A/QuartzCore
0x000000000778a000 	/System/Library/Frameworks/Carbon.framework/Versions/A/Frameworks/SpeechRecognition.framework/Versions/A/SpeechRecognition
0x000000000778a000 	/usr/lib/libauto.dylib
0x000000000778a000 	/usr/lib/libicucore.A.dylib
0x000000000778a000 	/usr/lib/libxml2.2.dylib
0x000000000778a000 	/System/Library/PrivateFrameworks/CoreUI.framework/Versions/A/CoreUI
0x000000000778a000 	/System/Library/Frameworks/CoreAudio.framework/Versions/A/CoreAudio
0x000000000778a000 	/System/Library/Frameworks/DiskArbitration.framework/Versions/A/DiskArbitration
0x000000000778a000 	/usr/lib/liblangid.dylib
0x000000000778a000 	/System/Library/PrivateFrameworks/MultitouchSupport.framework/Versions/A/MultitouchSupport
0x000000000778a000 	/System/Library/Frameworks/IOKit.framework/Versions/A/IOKit
0x000000000778a000 	/usr/lib/libDiagnosticMessagesClient.dylib
0x000000000778a000 	/System/Library/Frameworks/CoreServices.framework/Versions/A/CoreServices
0x000000000778a000 	/System/Library/PrivateFrameworks/PerformanceAnalysis.framework/Versions/A/PerformanceAnalysis
0x000000000778a000 	/System/Library/PrivateFrameworks/GenerationalStorage.framework/Versions/A/GenerationalStorage
0x000000000778a000 	/System/Library/Frameworks/OpenGL.framework/Versions/A/OpenGL
0x000000000778a000 	/System/Library/PrivateFrameworks/Sharing.framework/Versions/A/Sharing
0x000000000778a000 	/System/Library/Frameworks/CoreGraphics.framework/Versions/A/CoreGraphics
0x000000000778a000 	/System/Library/Frameworks/CoreImage.framework/Versions/A/CoreImage
0x000000000778a000 	/System/Library/Frameworks/CoreText.framework/Versions/A/CoreText
0x000000000778a000 	/System/Library/Frameworks/ImageIO.framework/Versions/A/ImageIO
0x000000000778a000 	/System/Library/PrivateFrameworks/Backup.framework/Versions/A/Backup
0x000000000778a000 	/usr/lib/libextension.dylib
0x000000000778a000 	/usr/lib/libarchive.2.dylib
0x000000000778a000 	/System/Library/Frameworks/CFNetwork.framework/Versions/A/CFNetwork
0x000000000778a000 	/System/Library/Frameworks/SystemConfiguration.framework/Versions/A/SystemConfiguration
0x000000000778a000 	/usr/lib/libCRFSuite.dylib
0x000000000778a000 	/usr/lib/libc++.1.dylib
0x000000000778a000 	/usr/lib/libc++abi.dylib
0x000000000778a000 	/usr/lib/system/libcache.dylib
0x000000000778a000 	/usr/lib/system/libcommonCrypto.dylib
0x000000000778a000 	/usr/lib/system/libcompiler_rt.dylib
0x000000000778a000 	/usr/lib/system/libcopyfile.dylib
0x000000000778a000 	/usr/lib/system/libcorecrypto.dylib
0x000000000778a000 	/usr/lib/system/libdispatch.dylib
0x000000000778a000 	/usr/lib/system/libdyld.dylib
0x000000000778a000 	/usr/lib/system/libkeymgr.dylib
0x000000000778a000 	/usr/lib/system/liblaunch.dylib
0x000000000778a000 	/usr/lib/system/libmacho.dylib
0x000000000778a000 	/usr/lib/system/libquarantine.dylib
0x000000000778a000 	/usr/lib/system/libremovefile.dylib
0x000000000778a000 	/usr/lib/system/libsystem_asl.dylib
0x000000000778a000 	/usr/lib/system/libsystem_blocks.dylib
0x000000000778a000 	/usr/lib/system/libsystem_c.dylib
0x000000000778a000 	/usr/lib/system/libsystem_configuration.dylib
0x000000000778a000 	/usr/lib/system/libsystem_coreservices.dylib
0x000000000778a000 	/usr/lib/system/libsystem_coretls.dylib
0x000000000778a000 	/usr/lib/system/libsystem_dnssd.dylib
0x000000000778a000 	/usr/lib/system/libsystem_info.dylib
0x000000000778a000 	/usr/lib/system/libsystem_kernel.dylib
0x000000000778a000 	/usr/lib/system/libsystem_m.dylib
0x000000000778a000 	/usr/lib/system/libsystem_malloc.dylib
0x000000000778a000 	/usr/lib/system/libsystem_network.dylib
0x000000000778a000 	/usr/lib/system/libsystem_networkextension.dylib
0x000000000778a000 	/usr/lib/system/libsystem_notify.dylib
0x000000000778a000 	/usr/lib/system/libsystem_platform.dylib
0x000000000778a000 	/usr/lib/system/libsystem_pthread.dylib
0x000000000778a000 	/usr/lib/system/libsystem_sandbox.dylib
0x000000000778a000 	/usr/lib/system/libsystem_secinit.dylib
0x000000000778a000 	/usr/lib/system/libsystem_trace.dylib
0x000000000778a000 	/usr/lib/system/libunc.dylib
0x000000000778a000 	/usr/lib/system/libunwind.dylib
0x000000000778a000 	/usr/lib/system/libxpc.dylib
0x000000000778a000 	/usr/lib/libenergytrace.dylib
0x000000000778a000 	/usr/lib/libbsm.0.dylib
0x000000000778a000 	/usr/lib/system/libkxld.dylib
0x000000000778a000 	/usr/lib/libxar.1.dylib
0x000000000778a000 	/usr/lib/libsqlite3.dylib
0x000000000778a000 	/usr/lib/libpam.2.dylib
0x000000000778a000 	/usr/lib/libOpenScriptingUtil.dylib
0x000000000778a000 	/usr/lib/libbz2.1.0.dylib
0x000000000778a000 	/usr/lib/liblzma.5.dylib
0x000000000778a000 	/System/Library/Frameworks/CoreServices.framework/Versions/A/Frameworks/FSEvents.framework/Versions/A/FSEvents
0x000000000778a000 	/System/Library/Frameworks/CoreServices.framework/Versions/A/Frameworks/CarbonCore.framework/Versions/A/CarbonCore
0x000000000778a000 	/System/Library/Frameworks/CoreServices.framework/Versions/A/Frameworks/Metadata.framework/Versions/A/Metadata
0x000000000778a000 	/System/Library/Frameworks/CoreServices.framework/Versions/A/Frameworks/OSServices.framework/Versions/A/OSServices
0x000000000778a000 	/System/Library/Frameworks/CoreServices.framework/Versions/A/Frameworks/SearchKit.framework/Versions/A/SearchKit
0x000000000778a000 	/System/Library/Frameworks/CoreServices.framework/Versions/A/Frameworks/AE.framework/Versions/A/AE
0x000000000778a000 	/System/Library/Frameworks/CoreServices.framework/Versions/A/Frameworks/LaunchServices.framework/Versions/A/LaunchServices
0x000000000778a000 	/System/Library/Frameworks/CoreServices.framework/Versions/A/Frameworks/DictionaryServices.framework/Versions/A/DictionaryServices
0x000000000778a000 	/System/Library/Frameworks/CoreServices.framework/Versions/A/Frameworks/SharedFileList.framework/Versions/A/SharedFileList
0x000000000778a000 	/System/Library/Frameworks/NetFS.framework/Versions/A/NetFS
0x000000000778a000 	/System/Library/PrivateFrameworks/NetAuth.framework/Versions/A/NetAuth
0x000000000778a000 	/System/Library/PrivateFrameworks/login.framework/Versions/A/Frameworks/loginsupport.framework/Versions/A/loginsupport
0x000000000778a000 	/System/Library/PrivateFrameworks/TCC.framework/Versions/A/TCC
0x000000000778a000 	/usr/lib/libmecabra.dylib
0x000000000778a000 	/System/Library/Frameworks/ApplicationServices.framework/Versions/A/Frameworks/ATS.framework/Versions/A/ATS
0x000000000778a000 	/System/Library/Frameworks/ApplicationServices.framework/Versions/A/Frameworks/ColorSync.framework/Versions/A/ColorSync
0x000000000778a000 	/System/Library/Frameworks/ApplicationServices.framework/Versions/A/Frameworks/HIServices.framework/Versions/A/HIServices
0x000000000778a000 	/System/Library/Frameworks/ApplicationServices.framework/Versions/A/Frameworks/LangAnalysis.framework/Versions/A/LangAnalysis
0x000000000778a000 	/System/Library/Frameworks/ApplicationServices.framework/Versions/A/Frameworks/PrintCore.framework/Versions/A/PrintCore
0x000000000778a000 	/System/Library/Frameworks/ApplicationServices.framework/Versions/A/Frameworks/QD.framework/Versions/A/QD
0x000000000778a000 	/System/Library/Frameworks/ApplicationServices.framework/Versions/A/Frameworks/SpeechSynthesis.framework/Versions/A/SpeechSynthesis
0x000000000778a000 	/System/Library/Frameworks/Metal.framework/Versions/A/Metal
0x000000000778a000 	/System/Library/Frameworks/Accelerate.framework/Versions/A/Frameworks/vImage.framework/Versions/A/vImage
0x000000000778a000 	/System/Library/Frameworks/Accelerate.framework/Versions/A/Frameworks/vecLib.framework/Versions/A/vecLib
0x000000000778a000 	/System/Library/Frameworks/Accelerate.framework/Versions/A/Frameworks/vecLib.framework/Versions/A/libvDSP.dylib
0x000000000778a000 	/System/Library/Frameworks/Accelerate.framework/Versions/A/Frameworks/vecLib.framework/Versions/A/libvMisc.dylib
0x000000000778a000 	/System/Library/Frameworks/Accelerate.framework/Versions/A/Frameworks/vecLib.framework/Versions/A/libLAPACK.dylib
0x000000000778a000 	/System/Library/Frameworks/Accelerate.framework/Versions/A/Frameworks/vecLib.framework/Versions/A/libBLAS.dylib
0x000000000778a000 	/System/Library/Frameworks/Accelerate.framework/Versions/A/Frameworks/vecLib.framework/Versions/A/libLinearAlgebra.dylib
0x000000000778a000 	/System/Library/Frameworks/Accelerate.framework/Versions/A/Frameworks/vecLib.framework/Versions/A/libSparseBLAS.dylib
0x000000000778a000 	/System/Library/PrivateFrameworks/GPUCompiler.framework/libmetal_timestamp.dylib
0x000000000778a000 	/System/Library/Frameworks/OpenGL.framework/Versions/A/Libraries/libCoreFSCache.dylib
0x000000000778a000 	/System/Library/PrivateFrameworks/IOAccelerator.framework/Versions/A/IOAccelerator
0x000000000778a000 	/System/Library/Frameworks/ApplicationServices.framework/Versions/A/Frameworks/ATS.framework/Versions/A/Resources/libFontParser.dylib
0x000000000778a000 	/System/Library/Frameworks/ApplicationServices.framework/Versions/A/Frameworks/ATS.framework/Versions/A/Resources/libFontRegistry.dylib
0x000000000778a000 	/System/Library/PrivateFrameworks/AppleVPA.framework/Versions/A/AppleVPA
0x000000000778a000 	/System/Library/PrivateFrameworks/AppleJPEG.framework/Versions/A/AppleJPEG
0x000000000778a000 	/System/Library/Frameworks/ImageIO.framework/Versions/A/Resources/libJPEG.dylib
0x000000000778a000 	/System/Library/Frameworks/ImageIO.framework/Versions/A/Resources/libTIFF.dylib
0x000000000778a000 	/System/Library/Frameworks/ImageIO.framework/Versions/A/Resources/libPng.dylib
0x000000000778a000 	/System/Library/Frameworks/ImageIO.framework/Versions/A/Resources/libGIF.dylib
0x000000000778a000 	/System/Library/Frameworks/ImageIO.framework/Versions/A/Resources/libJP2.dylib
0x000000000778a000 	/System/Library/Frameworks/ImageIO.framework/Versions/A/Resources/libRadiance.dylib
0x000000000778a000 	/System/Library/Frameworks/CoreVideo.framework/Versions/A/CoreVideo
0x000000000778a000 	/System/Library/Frameworks/OpenGL.framework/Versions/A/Libraries/libGLU.dylib
0x000000000778a000 	/System/Library/Frameworks/OpenGL.framework/Versions/A/Libraries/libGFXShared.dylib
0x000000000778a000 	/System/Library/Frameworks/OpenGL.framework/Versions/A/Libraries/libGL.dylib
0x000000000778a000 	/System/Library/Frameworks/OpenGL.framework/Versions/A/Libraries/libGLImage.dylib
0x000000000778a000 	/System/Library/Frameworks/OpenGL.framework/Versions/A/Libraries/libCVMSPluginSupport.dylib
0x000000000778a000 	/System/Library/Frameworks/OpenGL.framework/Versions/A/Libraries/libCoreVMClient.dylib
0x000000000778a000 	/usr/lib/libcompression.dylib
0x000000000778a000 	/usr/lib/libcups.2.dylib
0x000000000778a000 	/System/Library/Frameworks/Kerberos.framework/Versions/A/Kerberos
0x000000000778a000 	/System/Library/Frameworks/GSS.framework/Versions/A/GSS
0x000000000778a000 	/usr/lib/libresolv.9.dylib
0x000000000778a000 	/usr/lib/libiconv.2.dylib
0x000000000778a000 	/System/Library/PrivateFrameworks/Heimdal.framework/Versions/A/Heimdal
0x000000000778a000 	/usr/lib/libheimdal-asn1.dylib
0x000000000778a000 	/System/Library/Frameworks/OpenDirectory.framework/Versions/A/OpenDirectory
0x000000000778a000 	/System/Library/PrivateFrameworks/CommonAuth.framework/Versions/A/CommonAuth
0x000000000778a000 	/System/Library/Frameworks/OpenDirectory.framework/Versions/A/Frameworks/CFOpenDirectory.framework/Versions/A/CFOpenDirectory
0x000000000778a000 	/System/Library/Frameworks/SecurityFoundation.framework/Versions/A/SecurityFoundation
0x000000000778a000 	/System/Library/PrivateFrameworks/LanguageModeling.framework/Versions/A/LanguageModeling
0x000000000778a000 	/usr/lib/libmarisa.dylib
0x000000000778a000 	/usr/lib/libChineseTokenizer.dylib
0x000000000778a000 	/usr/lib/libcmph.dylib
0x000000000778a000 	/System/Library/Frameworks/ServiceManagement.framework/Versions/A/ServiceManagement
0x000000000778a000 	/usr/lib/libxslt.1.dylib
0x000000000778a000 	/System/Library/Frameworks/Carbon.framework/Versions/A/Frameworks/Ink.framework/Versions/A/Ink
0x000000000778a000 	/usr/lib/libFosl_dynamic.dylib
0x000000000778a000 	/System/Library/PrivateFrameworks/FaceCore.framework/Versions/A/FaceCore
0x000000000778a000 	/System/Library/Frameworks/OpenCL.framework/Versions/A/OpenCL
0x000000000778a000 	/System/Library/PrivateFrameworks/CrashReporterSupport.framework/Versions/A/CrashReporterSupport
0x000000000778a000 	/System/Library/PrivateFrameworks/IconServices.framework/Versions/A/IconServices
0x000000000778a000 	/System/Library/PrivateFrameworks/Apple80211.framework/Versions/A/Apple80211
0x000000000778a000 	/System/Library/Frameworks/CoreWLAN.framework/Versions/A/CoreWLAN
0x000000000778a000 	/System/Library/Frameworks/IOBluetooth.framework/Versions/A/IOBluetooth
0x000000000778a000 	/System/Library/PrivateFrameworks/CoreWiFi.framework/Versions/A/CoreWiFi
0x000000000778a000 	/System/Library/Frameworks/CoreBluetooth.framework/Versions/A/CoreBluetooth
0x000000000778a000 	/System/Library/PrivateFrameworks/ChunkingLibrary.framework/Versions/A/ChunkingLibrary
0x000000000778a000 	/System/Library/PrivateFrameworks/DebugSymbols.framework/Versions/A/DebugSymbols
0x000000000778a000 	/System/Library/PrivateFrameworks/CoreSymbolication.framework/Versions/A/CoreSymbolication
0x000000000778a000 	/System/Library/PrivateFrameworks/Symbolication.framework/Versions/A/Symbolication
0x000000000778a000 	/System/Library/PrivateFrameworks/SpeechRecognitionCore.framework/Versions/A/SpeechRecognitionCore
0x0000000109600000 	/Library/Java/JavaVirtualMachines/jdk1.8.0_65.jdk/Contents/Home/jre/lib/server/libjvm.dylib
0x000000000778a000 	/usr/lib/libstdc++.6.dylib
0x0000000108d99000 	/Library/Java/JavaVirtualMachines/jdk1.8.0_65.jdk/Contents/Home/jre/lib/libverify.dylib
0x0000000108da7000 	/Library/Java/JavaVirtualMachines/jdk1.8.0_65.jdk/Contents/Home/jre/lib/libjava.dylib
0x000000010a589000 	/Library/Java/JavaVirtualMachines/jdk1.8.0_65.jdk/Contents/Home/jre/lib/libjdwp.dylib
0x0000000108ddd000 	/Library/Java/JavaVirtualMachines/jdk1.8.0_65.jdk/Contents/Home/jre/lib/libnpt.dylib
0x0000000108dea000 	/Library/Java/JavaVirtualMachines/jdk1.8.0_65.jdk/Contents/Home/jre/lib/libzip.dylib
0x000000011ff36000 	/System/Library/Frameworks/JavaVM.framework/Frameworks/JavaRuntimeSupport.framework/JavaRuntimeSupport
0x000000011ff51000 	/System/Library/Frameworks/JavaVM.framework/Versions/A/Frameworks/JavaNativeFoundation.framework/Versions/A/JavaNativeFoundation
0x000000011ff66000 	/System/Library/Frameworks/JavaVM.framework/Versions/A/JavaVM
0x000000000778a000 	/System/Library/Frameworks/Carbon.framework/Versions/A/Carbon
0x0000000108df4000 	/System/Library/PrivateFrameworks/JavaLaunching.framework/Versions/A/JavaLaunching
0x000000000778a000 	/System/Library/Frameworks/Carbon.framework/Versions/A/Frameworks/CommonPanels.framework/Versions/A/CommonPanels
0x000000000778a000 	/System/Library/Frameworks/Carbon.framework/Versions/A/Frameworks/Help.framework/Versions/A/Help
0x000000000778a000 	/System/Library/Frameworks/Carbon.framework/Versions/A/Frameworks/ImageCapture.framework/Versions/A/ImageCapture
0x000000000778a000 	/System/Library/Frameworks/Carbon.framework/Versions/A/Frameworks/OpenScripting.framework/Versions/A/OpenScripting
0x000000000778a000 	/System/Library/Frameworks/Carbon.framework/Versions/A/Frameworks/Print.framework/Versions/A/Print
0x000000000778a000 	/System/Library/Frameworks/Carbon.framework/Versions/A/Frameworks/SecurityHI.framework/Versions/A/SecurityHI
0x000000012188a000 	/Library/Java/JavaVirtualMachines/jdk1.8.0_65.jdk/Contents/Home/jre/lib/libdt_socket.dylib
0x00000001218cd000 	/Library/Java/JavaVirtualMachines/jdk1.8.0_65.jdk/Contents/Home/jre/lib/libawt.dylib
0x0000000121975000 	/Library/Java/JavaVirtualMachines/jdk1.8.0_65.jdk/Contents/Home/jre/lib/./libmlib_image.dylib
0x0000000121a41000 	/Library/Java/JavaVirtualMachines/jdk1.8.0_65.jdk/Contents/Home/jre/lib/libawt_lwawt.dylib
0x0000000121af6000 	/Library/Java/JavaVirtualMachines/jdk1.8.0_65.jdk/Contents/Home/jre/lib/./libosxapp.dylib
0x000000000778a000 	/System/Library/Frameworks/ExceptionHandling.framework/Versions/A/ExceptionHandling
0x000000000778a000 	/System/Library/PrivateFrameworks/CoreServicesInternal.framework/Versions/A/CoreServicesInternal
0x000000000778a000 	/System/Library/Frameworks/CoreGraphics.framework/Versions/A/Resources/libRIP.A.dylib
0x000000000778a000 	/System/Library/Frameworks/Accelerate.framework/Versions/A/Frameworks/vImage.framework/Versions/A/Libraries/libCGInterfaces.dylib
0x000000000778a000 	/System/Library/Frameworks/CoreGraphics.framework/Versions/A/Resources/libCGXType.A.dylib
0x000000000778a000 	/System/Library/Frameworks/OpenCL.framework/Versions/A/Libraries/libcldcpuengine.dylib
0x000000000778a000 	/System/Library/PrivateFrameworks/DiskImages.framework/Versions/A/DiskImages
0x000000000778a000 	/System/Library/Frameworks/DiscRecording.framework/Versions/A/DiscRecording
0x000000000778a000 	/usr/lib/libcsfde.dylib
0x000000000778a000 	/usr/lib/libcurl.4.dylib
0x000000000778a000 	/System/Library/PrivateFrameworks/MediaKit.framework/Versions/A/MediaKit
0x000000000778a000 	/System/Library/PrivateFrameworks/ProtectedCloudStorage.framework/Versions/A/ProtectedCloudStorage
0x000000000778a000 	/usr/lib/libCoreStorage.dylib
0x000000000778a000 	/System/Library/PrivateFrameworks/EFILogin.framework/Versions/A/EFILogin
0x000000000778a000 	/usr/lib/libutil.dylib
0x000000000778a000 	/System/Library/PrivateFrameworks/FindMyDevice.framework/Versions/A/FindMyDevice
0x000000000778a000 	/System/Library/Frameworks/LDAP.framework/Versions/A/LDAP
0x000000000778a000 	/usr/lib/libsasl2.2.dylib
0x000000000778a000 	/System/Library/PrivateFrameworks/CoreDaemon.framework/Versions/B/CoreDaemon
0x000000000778a000 	/usr/lib/libcrypto.0.9.8.dylib
0x000000000778a000 	/System/Library/PrivateFrameworks/AppleSRP.framework/Versions/A/AppleSRP
0x000000000778a000 	/System/Library/PrivateFrameworks/TrustEvaluationAgent.framework/Versions/A/TrustEvaluationAgent
0x0000000123a98000 	cl_kernels
0x000000000778a000 	/System/Library/Frameworks/OpenCL.framework/Versions/A/Libraries/ImageFormats/unorm8_bgra.dylib
0x000000000778a000 	/System/Library/Frameworks/OpenCL.framework/Versions/A/Libraries/ImageFormats/unorm8_rgba.dylib
0x000000000778a000 	/System/Library/PrivateFrameworks/FamilyControls.framework/Versions/A/FamilyControls
0x000000000778a000 	/System/Library/PrivateFrameworks/CommerceKit.framework/Versions/A/Frameworks/CommerceCore.framework/Versions/A/CommerceCore
0x000000000778a000 	/System/Library/PrivateFrameworks/SystemAdministration.framework/Versions/A/SystemAdministration
0x000000000778a000 	/System/Library/PrivateFrameworks/AppContainer.framework/Versions/A/AppContainer
0x000000000778a000 	/System/Library/PrivateFrameworks/SecCodeWrapper.framework/Versions/A/SecCodeWrapper
0x000000000778a000 	/System/Library/Frameworks/DirectoryService.framework/Versions/A/DirectoryService
0x000000000778a000 	/System/Library/PrivateFrameworks/LoginUIKit.framework/Versions/A/Frameworks/LoginUICore.framework/Versions/A/LoginUICore
0x000000000778a000 	/usr/lib/libodfde.dylib
0x0000000124b73000 	/Library/Java/JavaVirtualMachines/jdk1.8.0_65.jdk/Contents/Home/jre/lib/libfontmanager.dylib
0x0000000122e9a000 	/Library/Java/JavaVirtualMachines/jdk1.8.0_65.jdk/Contents/Home/jre/lib/libosxui.dylib
0x000000000778a000 	/System/Library/Frameworks/OpenGL.framework/Versions/A/Resources/GLEngine.bundle/GLEngine
0x000000000778a000 	/System/Library/Frameworks/OpenGL.framework/Versions/A/Libraries/libGLProgrammability.dylib
0x0000000125636000 	/System/Library/Extensions/AppleIntelBDWGraphicsGLDriver.bundle/Contents/MacOS/AppleIntelBDWGraphicsGLDriver
0x000000000778a000 	/System/Library/PrivateFrameworks/GPUSupport.framework/Versions/A/Libraries/libGPUSupportMercury.dylib
0x000000000778a000 	/System/Library/Frameworks/OpenGL.framework/Versions/A/Resources/GLRendererFloat.bundle/GLRendererFloat
0x000000012662c000 	/Library/Java/JavaVirtualMachines/jdk1.8.0_65.jdk/Contents/Home/jre/lib/libnet.dylib
0x0000000126a91000 	/Library/Java/JavaVirtualMachines/jdk1.8.0_65.jdk/Contents/Home/jre/lib/libnio.dylib
0x000000000778a000 	/System/Library/Frameworks/ApplicationServices.framework/Versions/A/Frameworks/ATS.framework/Versions/A/Resources/libTrueTypeScaler.dylib
0x000000018e74e000 	/System/Library/Extensions/AppleIntelBDWGraphicsMTLDriver.bundle/Contents/MacOS/AppleIntelBDWGraphicsMTLDriver
0x000000018f83c000 	/Library/Java/JavaVirtualMachines/jdk1.8.0_65.jdk/Contents/Home/jre/lib/libdcpr.dylib
0x0000000190c60000 	/Library/Java/JavaVirtualMachines/jdk1.8.0_65.jdk/Contents/Home/jre/lib/libsunec.dylib

VM Arguments:
jvm_args: -agentlib:jdwp=transport=dt_socket,suspend=y,address=localhost:61527 -Dfile.encoding=UTF-8 
java_command: View.HomeScreen
java_class_path (initial): /Users/arpit2408/Documents/workspace/History_Glimpse/bin:/Users/arpit2408/Downloads/firefox_downloads/jxbrowser-6.8-cross-desktop-win_mac_linux/lib/jxbrowser-6.8.jar:/Users/arpit2408/Downloads/firefox_downloads/jxbrowser-6.8-cross-desktop-win_mac_linux/lib/jxbrowser-linux32-6.8.jar:/Users/arpit2408/Downloads/firefox_downloads/jxbrowser-6.8-cross-desktop-win_mac_linux/lib/jxbrowser-linux64-6.8.jar:/Users/arpit2408/Downloads/firefox_downloads/jxbrowser-6.8-cross-desktop-win_mac_linux/lib/jxbrowser-mac-6.8.jar:/Users/arpit2408/Downloads/firefox_downloads/jxbrowser-6.8-cross-desktop-win_mac_linux/lib/jxbrowser-win-6.8.jar:/Users/arpit2408/Downloads/firefox_downloads/license.jar
Launcher Type: SUN_STANDARD

Environment Variables:
PATH=/usr/bin:/bin:/usr/sbin:/sbin
SHELL=/bin/bash

Signal Handlers:
SIGSEGV: [libjvm.dylib+0x5a6d31], sa_mask[0]=11111111011111110111111111111111, sa_flags=SA_ONSTACK|SA_RESTART|SA_SIGINFO
SIGBUS: [libjvm.dylib+0x5a6d31], sa_mask[0]=11111111011111110111111111111111, sa_flags=SA_RESTART|SA_SIGINFO
SIGFPE: [libjvm.dylib+0x480a40], sa_mask[0]=11111111011111110111111111111111, sa_flags=SA_RESTART|SA_SIGINFO
SIGPIPE: [libjvm.dylib+0x480a40], sa_mask[0]=11111111011111110111111111111111, sa_flags=SA_RESTART|SA_SIGINFO
SIGXFSZ: [libjvm.dylib+0x480a40], sa_mask[0]=11111111011111110111111111111111, sa_flags=SA_RESTART|SA_SIGINFO
SIGILL: [libjvm.dylib+0x480a40], sa_mask[0]=11111111011111110111111111111111, sa_flags=SA_RESTART|SA_SIGINFO
SIGUSR1: SIG_DFL, sa_mask[0]=00000000000000000000000000000000, sa_flags=none
SIGUSR2: [libjvm.dylib+0x48055e], sa_mask[0]=00100000000000000000000000000000, sa_flags=SA_RESTART|SA_SIGINFO
SIGHUP: [libjvm.dylib+0x47eb35], sa_mask[0]=11111111011111110111111111111111, sa_flags=SA_RESTART|SA_SIGINFO
SIGINT: [libjvm.dylib+0x47eb35], sa_mask[0]=11111111011111110111111111111111, sa_flags=SA_RESTART|SA_SIGINFO
SIGTERM: [libjvm.dylib+0x47eb35], sa_mask[0]=11111111011111110111111111111111, sa_flags=SA_RESTART|SA_SIGINFO
SIGQUIT: [libjvm.dylib+0x47eb35], sa_mask[0]=11111111011111110111111111111111, sa_flags=SA_RESTART|SA_SIGINFO


---------------  S Y S T E M  ---------------

OS:Bsduname:Darwin 15.6.0 Darwin Kernel Version 15.6.0: Mon Aug 29 20:21:34 PDT 2016; root:xnu-3248.60.11~1/RELEASE_X86_64 x86_64
rlimit: STACK 8192k, CORE 0k, NPROC 709, NOFILE 10240, AS infinity
load average:1.84 2.22 2.45

CPU:total 4 (2 cores per cpu, 2 threads per core) family 6 model 61 stepping 4, cmov, cx8, fxsr, mmx, sse, sse2, sse3, ssse3, sse4.1, sse4.2, popcnt, avx, avx2, aes, clmul, erms, 3dnowpref, lzcnt, ht, tsc, tscinvbit, bmi1, bmi2, adx

Memory: 4k page, physical 8388608k(48436k free)

/proc/meminfo:


vm_info: Java HotSpot(TM) 64-Bit Server VM (25.65-b01) for bsd-amd64 JRE (1.8.0_65-b17), built on Oct  6 2015 15:36:46 by "java_re" with gcc 4.2.1 (Based on Apple Inc. build 5658) (LLVM build 2336.11.00)

time: Tue Dec  6 02:28:35 2016
elapsed time: 529 seconds (0d 0h 8m 49s)

